[2024-12-16 06:17:33 +0000] [122845] [INFO] Starting gunicorn 23.0.0
[2024-12-16 06:17:33 +0000] [122845] [INFO] Listening at: http://127.0.0.1:8000 (122845)
[2024-12-16 06:17:33 +0000] [122845] [INFO] Using worker: uvicorn.workers.UvicornWorker
[2024-12-16 06:17:33 +0000] [122846] [INFO] Booting worker with pid: 122846
[2024-12-16 06:17:33 +0000] [122847] [INFO] Booting worker with pid: 122847
[2024-12-16 06:17:33 +0000] [122848] [INFO] Booting worker with pid: 122848
[2024-12-16 06:17:33 +0000] [122849] [INFO] Booting worker with pid: 122849
[2024-12-16 06:17:33 +0000] [122847] [INFO] Started server process [122847]
[2024-12-16 06:17:33 +0000] [122847] [INFO] Waiting for application startup.
[2024-12-16 06:17:33 +0000] [122847] [INFO] ASGI 'lifespan' protocol appears unsupported.
[2024-12-16 06:17:33 +0000] [122847] [INFO] Application startup complete.
[2024-12-16 06:17:33 +0000] [122846] [INFO] Started server process [122846]
[2024-12-16 06:17:33 +0000] [122846] [INFO] Waiting for application startup.
[2024-12-16 06:17:33 +0000] [122846] [INFO] ASGI 'lifespan' protocol appears unsupported.
[2024-12-16 06:17:33 +0000] [122846] [INFO] Application startup complete.
[2024-12-16 06:17:33 +0000] [122848] [INFO] Started server process [122848]
[2024-12-16 06:17:33 +0000] [122848] [INFO] Waiting for application startup.
[2024-12-16 06:17:33 +0000] [122848] [INFO] ASGI 'lifespan' protocol appears unsupported.
[2024-12-16 06:17:33 +0000] [122848] [INFO] Application startup complete.
[2024-12-16 06:17:33 +0000] [122849] [INFO] Started server process [122849]
[2024-12-16 06:17:33 +0000] [122849] [INFO] Waiting for application startup.
[2024-12-16 06:17:33 +0000] [122849] [INFO] ASGI 'lifespan' protocol appears unsupported.
[2024-12-16 06:17:33 +0000] [122849] [INFO] Application startup complete.
[2024-12-16 06:17:38 +0000] [122845] [INFO] Handling signal: int
[2024-12-16 06:17:38 +0000] [122847] [INFO] Shutting down
[2024-12-16 06:17:38 +0000] [122846] [INFO] Shutting down
[2024-12-16 06:17:38 +0000] [122848] [INFO] Shutting down
[2024-12-16 06:17:38 +0000] [122849] [INFO] Shutting down
[2024-12-16 06:17:38 +0000] [122847] [INFO] Finished server process [122847]
[2024-12-16 06:17:38 +0000] [122845] [ERROR] Worker (pid:122847) was sent SIGINT!
[2024-12-16 06:17:38 +0000] [122846] [INFO] Finished server process [122846]
[2024-12-16 06:17:38 +0000] [122845] [ERROR] Worker (pid:122846) was sent SIGINT!
[2024-12-16 06:17:38 +0000] [122848] [INFO] Finished server process [122848]
[2024-12-16 06:17:38 +0000] [122845] [ERROR] Worker (pid:122848) was sent SIGINT!
[2024-12-16 06:17:38 +0000] [122849] [INFO] Finished server process [122849]
[2024-12-16 06:17:38 +0000] [122845] [ERROR] Worker (pid:122849) was sent SIGINT!
[2024-12-16 06:17:38 +0000] [122845] [INFO] Shutting down: Master
[2024-12-16 06:17:48 +0000] [122931] [INFO] Starting gunicorn 23.0.0
[2024-12-16 06:17:48 +0000] [122931] [INFO] Listening at: http://127.0.0.1:8000 (122931)
[2024-12-16 06:17:48 +0000] [122931] [INFO] Using worker: uvicorn.workers.UvicornWorker
[2024-12-16 06:17:48 +0000] [122932] [INFO] Booting worker with pid: 122932
[2024-12-16 06:17:48 +0000] [122933] [INFO] Booting worker with pid: 122933
[2024-12-16 06:17:48 +0000] [122934] [INFO] Booting worker with pid: 122934
[2024-12-16 06:17:48 +0000] [122935] [INFO] Booting worker with pid: 122935
[2024-12-16 06:17:48 +0000] [122933] [INFO] Started server process [122933]
[2024-12-16 06:17:48 +0000] [122933] [INFO] Waiting for application startup.
[2024-12-16 06:17:48 +0000] [122933] [INFO] ASGI 'lifespan' protocol appears unsupported.
[2024-12-16 06:17:48 +0000] [122933] [INFO] Application startup complete.
[2024-12-16 06:17:48 +0000] [122932] [INFO] Started server process [122932]
[2024-12-16 06:17:48 +0000] [122932] [INFO] Waiting for application startup.
[2024-12-16 06:17:48 +0000] [122932] [INFO] ASGI 'lifespan' protocol appears unsupported.
[2024-12-16 06:17:48 +0000] [122932] [INFO] Application startup complete.
[2024-12-16 06:17:48 +0000] [122934] [INFO] Started server process [122934]
[2024-12-16 06:17:48 +0000] [122934] [INFO] Waiting for application startup.
[2024-12-16 06:17:48 +0000] [122934] [INFO] ASGI 'lifespan' protocol appears unsupported.
[2024-12-16 06:17:48 +0000] [122934] [INFO] Application startup complete.
[2024-12-16 06:17:48 +0000] [122935] [INFO] Started server process [122935]
[2024-12-16 06:17:48 +0000] [122935] [INFO] Waiting for application startup.
[2024-12-16 06:17:48 +0000] [122935] [INFO] ASGI 'lifespan' protocol appears unsupported.
[2024-12-16 06:17:48 +0000] [122935] [INFO] Application startup complete.
[2024-12-16 06:17:59 +0000] [122932] [ERROR] Exception in ASGI application
Traceback (most recent call last):
  File "/var/www/northcromo_final_vps/backend/venv/lib/python3.12/site-packages/uvicorn/protocols/http/h11_impl.py", line 403, in run_asgi
    result = await app(  # type: ignore[func-returns-value]
             ^^^^^^^^^^^^^^^^^^^^^^^^^^^^^^^^^^^^^^^^^^^^^^
  File "/var/www/northcromo_final_vps/backend/venv/lib/python3.12/site-packages/uvicorn/middleware/proxy_headers.py", line 60, in __call__
    return await self.app(scope, receive, send)
           ^^^^^^^^^^^^^^^^^^^^^^^^^^^^^^^^^^^^
  File "/var/www/northcromo_final_vps/backend/venv/lib/python3.12/site-packages/uvicorn/middleware/asgi2.py", line 14, in __call__
    instance = self.app(scope)
               ^^^^^^^^^^^^^^^
TypeError: Flask.__call__() missing 1 required positional argument: 'start_response'
[2024-12-16 06:17:59 +0000] [122934] [ERROR] Exception in ASGI application
Traceback (most recent call last):
  File "/var/www/northcromo_final_vps/backend/venv/lib/python3.12/site-packages/uvicorn/protocols/http/h11_impl.py", line 403, in run_asgi
    result = await app(  # type: ignore[func-returns-value]
             ^^^^^^^^^^^^^^^^^^^^^^^^^^^^^^^^^^^^^^^^^^^^^^
  File "/var/www/northcromo_final_vps/backend/venv/lib/python3.12/site-packages/uvicorn/middleware/proxy_headers.py", line 60, in __call__
    return await self.app(scope, receive, send)
           ^^^^^^^^^^^^^^^^^^^^^^^^^^^^^^^^^^^^
  File "/var/www/northcromo_final_vps/backend/venv/lib/python3.12/site-packages/uvicorn/middleware/asgi2.py", line 14, in __call__
    instance = self.app(scope)
               ^^^^^^^^^^^^^^^
TypeError: Flask.__call__() missing 1 required positional argument: 'start_response'
[2024-12-16 06:18:04 +0000] [122932] [ERROR] Exception in ASGI application
Traceback (most recent call last):
  File "/var/www/northcromo_final_vps/backend/venv/lib/python3.12/site-packages/uvicorn/protocols/http/h11_impl.py", line 403, in run_asgi
    result = await app(  # type: ignore[func-returns-value]
             ^^^^^^^^^^^^^^^^^^^^^^^^^^^^^^^^^^^^^^^^^^^^^^
  File "/var/www/northcromo_final_vps/backend/venv/lib/python3.12/site-packages/uvicorn/middleware/proxy_headers.py", line 60, in __call__
    return await self.app(scope, receive, send)
           ^^^^^^^^^^^^^^^^^^^^^^^^^^^^^^^^^^^^
  File "/var/www/northcromo_final_vps/backend/venv/lib/python3.12/site-packages/uvicorn/middleware/asgi2.py", line 14, in __call__
    instance = self.app(scope)
               ^^^^^^^^^^^^^^^
TypeError: Flask.__call__() missing 1 required positional argument: 'start_response'
[2024-12-16 06:18:05 +0000] [122932] [ERROR] Exception in ASGI application
Traceback (most recent call last):
  File "/var/www/northcromo_final_vps/backend/venv/lib/python3.12/site-packages/uvicorn/protocols/http/h11_impl.py", line 403, in run_asgi
    result = await app(  # type: ignore[func-returns-value]
             ^^^^^^^^^^^^^^^^^^^^^^^^^^^^^^^^^^^^^^^^^^^^^^
  File "/var/www/northcromo_final_vps/backend/venv/lib/python3.12/site-packages/uvicorn/middleware/proxy_headers.py", line 60, in __call__
    return await self.app(scope, receive, send)
           ^^^^^^^^^^^^^^^^^^^^^^^^^^^^^^^^^^^^
  File "/var/www/northcromo_final_vps/backend/venv/lib/python3.12/site-packages/uvicorn/middleware/asgi2.py", line 14, in __call__
    instance = self.app(scope)
               ^^^^^^^^^^^^^^^
TypeError: Flask.__call__() missing 1 required positional argument: 'start_response'
[2024-12-16 06:18:49 +0000] [122931] [INFO] Handling signal: int
[2024-12-16 06:18:49 +0000] [122932] [INFO] Shutting down
[2024-12-16 06:18:49 +0000] [122934] [INFO] Shutting down
[2024-12-16 06:18:49 +0000] [122935] [INFO] Shutting down
[2024-12-16 06:18:49 +0000] [122933] [INFO] Shutting down
[2024-12-16 06:18:49 +0000] [122932] [INFO] Finished server process [122932]
[2024-12-16 06:18:49 +0000] [122931] [ERROR] Worker (pid:122932) was sent SIGINT!
[2024-12-16 06:18:49 +0000] [122934] [INFO] Finished server process [122934]
[2024-12-16 06:18:49 +0000] [122931] [ERROR] Worker (pid:122934) was sent SIGINT!
[2024-12-16 06:18:49 +0000] [122935] [INFO] Finished server process [122935]
[2024-12-16 06:18:49 +0000] [122931] [ERROR] Worker (pid:122935) was sent SIGINT!
[2024-12-16 06:18:49 +0000] [122933] [INFO] Finished server process [122933]
[2024-12-16 06:18:49 +0000] [122931] [ERROR] Worker (pid:122933) was sent SIGINT!
[2024-12-16 06:18:49 +0000] [122931] [INFO] Shutting down: Master
[2024-12-16 06:18:52 +0000] [123071] [INFO] Starting gunicorn 23.0.0
[2024-12-16 06:18:52 +0000] [123071] [INFO] Listening at: http://127.0.0.1:8000 (123071)
[2024-12-16 06:18:52 +0000] [123071] [INFO] Using worker: uvicorn.workers.UvicornWorker
[2024-12-16 06:18:52 +0000] [123072] [INFO] Booting worker with pid: 123072
[2024-12-16 06:18:52 +0000] [123073] [INFO] Booting worker with pid: 123073
[2024-12-16 06:18:52 +0000] [123074] [INFO] Booting worker with pid: 123074
[2024-12-16 06:18:52 +0000] [123075] [INFO] Booting worker with pid: 123075
[2024-12-16 06:18:52 +0000] [123072] [INFO] Started server process [123072]
[2024-12-16 06:18:52 +0000] [123072] [INFO] Waiting for application startup.
[2024-12-16 06:18:52 +0000] [123072] [INFO] ASGI 'lifespan' protocol appears unsupported.
[2024-12-16 06:18:52 +0000] [123072] [INFO] Application startup complete.
[2024-12-16 06:18:52 +0000] [123074] [INFO] Started server process [123074]
[2024-12-16 06:18:52 +0000] [123074] [INFO] Waiting for application startup.
[2024-12-16 06:18:52 +0000] [123074] [INFO] ASGI 'lifespan' protocol appears unsupported.
[2024-12-16 06:18:52 +0000] [123074] [INFO] Application startup complete.
[2024-12-16 06:18:52 +0000] [123073] [INFO] Started server process [123073]
[2024-12-16 06:18:52 +0000] [123073] [INFO] Waiting for application startup.
[2024-12-16 06:18:52 +0000] [123073] [INFO] ASGI 'lifespan' protocol appears unsupported.
[2024-12-16 06:18:52 +0000] [123073] [INFO] Application startup complete.
[2024-12-16 06:18:52 +0000] [123075] [INFO] Started server process [123075]
[2024-12-16 06:18:52 +0000] [123075] [INFO] Waiting for application startup.
[2024-12-16 06:18:52 +0000] [123075] [INFO] ASGI 'lifespan' protocol appears unsupported.
[2024-12-16 06:18:52 +0000] [123075] [INFO] Application startup complete.
[2024-12-16 06:19:51 +0000] [123071] [INFO] Handling signal: int
[2024-12-16 06:19:51 +0000] [123073] [INFO] Shutting down
[2024-12-16 06:19:51 +0000] [123074] [INFO] Shutting down
[2024-12-16 06:19:51 +0000] [123072] [INFO] Shutting down
[2024-12-16 06:19:51 +0000] [123075] [INFO] Shutting down
[2024-12-16 06:19:51 +0000] [123073] [INFO] Finished server process [123073]
[2024-12-16 06:19:51 +0000] [123074] [INFO] Finished server process [123074]
[2024-12-16 06:19:51 +0000] [123071] [ERROR] Worker (pid:123074) was sent SIGINT!
[2024-12-16 06:19:51 +0000] [123071] [ERROR] Worker (pid:123073) was sent SIGINT!
[2024-12-16 06:19:51 +0000] [123072] [INFO] Finished server process [123072]
[2024-12-16 06:19:51 +0000] [123075] [INFO] Finished server process [123075]
[2024-12-16 06:19:51 +0000] [123071] [ERROR] Worker (pid:123072) was sent SIGINT!
[2024-12-16 06:19:51 +0000] [123071] [ERROR] Worker (pid:123075) was sent SIGINT!
[2024-12-16 06:19:51 +0000] [123071] [INFO] Shutting down: Master
